23:30:47.486 [main] INFO  org.testng.log4testng.Logger.info(Logger.java:112)oggger - [TestNG] Time taken by org.testng.reporters.jq.Main@19fe4644: 114 ms
23:30:47.512 [main] INFO  org.testng.log4testng.Logger.info(Logger.java:112)oggger - [TestNG] Time taken by org.testng.reporters.FailedReporter@3efe7086: 20 ms
23:30:47.525 [main] INFO  org.testng.log4testng.Logger.info(Logger.java:112)oggger - [TestNG] Time taken by org.testng.reporters.XMLReporter@545de5a4: 12 ms
23:30:47.540 [main] INFO  org.testng.log4testng.Logger.info(Logger.java:112)oggger - [TestNG] Time taken by org.testng.reporters.EmailableReporter2@d5ae57e: 12 ms
23:30:47.548 [main] INFO  org.testng.log4testng.Logger.info(Logger.java:112)oggger - [TestNG] Time taken by org.testng.reporters.JUnitReportReporter@6e16b8b5: 8 ms
23:30:47.548 [main] INFO  org.testng.log4testng.Logger.info(Logger.java:112)oggger - [TestNG] Time taken by org.testng.internal.ExitCodeListener@43b4fe19: 0 ms
23:31:15.017 [main] DEBUG org.testng.log4testng.Logger.debug(Logger.java:82)oggger - suiteXmlPath: "C:\Users\anike\Eclipse_Workspace\SeleniumWebDriver\OpencartV121\testng.xml"
23:31:15.368 [main] INFO  org.testng.log4testng.Logger.info(Logger.java:112)oggger - [TestNG] Running:
  C:\Users\anike\Eclipse_Workspace\SeleniumWebDriver\OpencartV121\testng.xml

23:34:50.058 [main] DEBUG org.testng.log4testng.Logger.debug(Logger.java:82)oggger - suiteXmlPath: "C:\Users\anike\Eclipse_Workspace\SeleniumWebDriver\OpencartV121\testng.xml"
23:34:50.457 [main] INFO  org.testng.log4testng.Logger.info(Logger.java:112)oggger - [TestNG] Running:
  C:\Users\anike\Eclipse_Workspace\SeleniumWebDriver\OpencartV121\testng.xml

23:34:55.376 [main] DEBUG org.apache.poi.openxml4j.opc.PackageRelationshipCollection.parseRelationshipsPart(PackageRelationshipCollection.java:307)oggger - Parsing relationship: /xl/_rels/workbook.xml.rels
23:34:55.379 [main] DEBUG org.apache.poi.openxml4j.opc.PackageRelationshipCollection.parseRelationshipsPart(PackageRelationshipCollection.java:307)oggger - Parsing relationship: /_rels/.rels
23:34:55.972 [main] DEBUG org.apache.poi.openxml4j.opc.PackageRelationshipCollection.parseRelationshipsPart(PackageRelationshipCollection.java:307)oggger - Parsing relationship: /xl/_rels/workbook.xml.rels
23:34:55.986 [main] DEBUG org.apache.poi.openxml4j.opc.PackageRelationshipCollection.parseRelationshipsPart(PackageRelationshipCollection.java:307)oggger - Parsing relationship: /_rels/.rels
23:34:56.004 [main] DEBUG org.apache.poi.openxml4j.opc.PackageRelationshipCollection.parseRelationshipsPart(PackageRelationshipCollection.java:307)oggger - Parsing relationship: /xl/_rels/workbook.xml.rels
23:34:56.004 [main] DEBUG org.apache.poi.openxml4j.opc.PackageRelationshipCollection.parseRelationshipsPart(PackageRelationshipCollection.java:307)oggger - Parsing relationship: /_rels/.rels
23:34:56.036 [main] DEBUG org.apache.poi.openxml4j.opc.PackageRelationshipCollection.parseRelationshipsPart(PackageRelationshipCollection.java:307)oggger - Parsing relationship: /xl/_rels/workbook.xml.rels
23:34:56.036 [main] DEBUG org.apache.poi.openxml4j.opc.PackageRelationshipCollection.parseRelationshipsPart(PackageRelationshipCollection.java:307)oggger - Parsing relationship: /_rels/.rels
23:34:56.066 [main] DEBUG org.apache.poi.openxml4j.opc.PackageRelationshipCollection.parseRelationshipsPart(PackageRelationshipCollection.java:307)oggger - Parsing relationship: /xl/_rels/workbook.xml.rels
23:34:56.069 [main] DEBUG org.apache.poi.openxml4j.opc.PackageRelationshipCollection.parseRelationshipsPart(PackageRelationshipCollection.java:307)oggger - Parsing relationship: /_rels/.rels
23:34:56.090 [main] DEBUG org.apache.poi.openxml4j.opc.PackageRelationshipCollection.parseRelationshipsPart(PackageRelationshipCollection.java:307)oggger - Parsing relationship: /xl/_rels/workbook.xml.rels
23:34:56.090 [main] DEBUG org.apache.poi.openxml4j.opc.PackageRelationshipCollection.parseRelationshipsPart(PackageRelationshipCollection.java:307)oggger - Parsing relationship: /_rels/.rels
23:34:56.117 [main] DEBUG org.apache.poi.openxml4j.opc.PackageRelationshipCollection.parseRelationshipsPart(PackageRelationshipCollection.java:307)oggger - Parsing relationship: /xl/_rels/workbook.xml.rels
23:34:56.117 [main] DEBUG org.apache.poi.openxml4j.opc.PackageRelationshipCollection.parseRelationshipsPart(PackageRelationshipCollection.java:307)oggger - Parsing relationship: /_rels/.rels
23:34:56.153 [main] DEBUG org.apache.poi.openxml4j.opc.PackageRelationshipCollection.parseRelationshipsPart(PackageRelationshipCollection.java:307)oggger - Parsing relationship: /xl/_rels/workbook.xml.rels
23:34:56.157 [main] DEBUG org.apache.poi.openxml4j.opc.PackageRelationshipCollection.parseRelationshipsPart(PackageRelationshipCollection.java:307)oggger - Parsing relationship: /_rels/.rels
23:34:56.209 [main] DEBUG org.apache.poi.openxml4j.opc.PackageRelationshipCollection.parseRelationshipsPart(PackageRelationshipCollection.java:307)oggger - Parsing relationship: /xl/_rels/workbook.xml.rels
