01:28:11.503 [main] INFO  testCases.TC001_AccountRegistrationTest.verify_account_registration(TC001_AccountRegistrationTest.java:21)oggger - Clicked on MyAccount Link
01:28:12.182 [main] INFO  testCases.TC001_AccountRegistrationTest.verify_account_registration(TC001_AccountRegistrationTest.java:24)oggger - Clicked on Register Link
01:28:12.184 [main] INFO  testCases.TC001_AccountRegistrationTest.verify_account_registration(TC001_AccountRegistrationTest.java:28)oggger - Providing Customer details....
01:28:14.551 [main] INFO  testCases.TC001_AccountRegistrationTest.verify_account_registration(TC001_AccountRegistrationTest.java:39)oggger - Validating expected message..
01:28:14.680 [main] INFO  testCases.TC001_AccountRegistrationTest.verify_account_registration(TC001_AccountRegistrationTest.java:59)oggger - ******* Finished TC001_AccountRegistrationTest *******
01:28:17.642 [main] INFO  testCases.TC002_LoginTest.verify_login(TC002_LoginTest.java:16)oggger - ******** Starting TC002 LoginTets *********
01:28:20.179 [main] INFO  testCases.TC002_LoginTest.verify_login(TC002_LoginTest.java:42)oggger - ******** Finished TC002 LoginTets *********
01:30:31.190 [main] DEBUG org.testng.log4testng.Logger.debug(Logger.java:82)oggger - suiteXmlPath: "C:\Users\anike\Eclipse_Workspace\SeleniumWebDriver\OpencartV121\crossbrowsertesting.xml"
01:30:31.642 [main] INFO  org.testng.log4testng.Logger.info(Logger.java:112)oggger - [TestNG] Running:
  C:\Users\anike\Eclipse_Workspace\SeleniumWebDriver\OpencartV121\crossbrowsertesting.xml

01:30:31.799 [TestNG-tests-3] INFO  testCases.TC001_AccountRegistrationTest.verify_account_registration(TC001_AccountRegistrationTest.java:15)oggger - ******* Starting TC001_AccountRegistrationTest *******
01:30:37.033 [TestNG-tests-1] INFO  testCases.TC001_AccountRegistrationTest.verify_account_registration(TC001_AccountRegistrationTest.java:15)oggger - ******* Starting TC001_AccountRegistrationTest *******
01:30:38.124 [TestNG-tests-1] INFO  testCases.TC001_AccountRegistrationTest.verify_account_registration(TC001_AccountRegistrationTest.java:21)oggger - Clicked on MyAccount Link
01:30:39.113 [TestNG-tests-1] INFO  testCases.TC001_AccountRegistrationTest.verify_account_registration(TC001_AccountRegistrationTest.java:24)oggger - Clicked on Register Link
01:30:39.148 [TestNG-tests-1] INFO  testCases.TC001_AccountRegistrationTest.verify_account_registration(TC001_AccountRegistrationTest.java:28)oggger - Providing Customer details....
01:30:42.364 [TestNG-tests-2] INFO  testCases.TC001_AccountRegistrationTest.verify_account_registration(TC001_AccountRegistrationTest.java:15)oggger - ******* Starting TC001_AccountRegistrationTest *******
01:30:43.108 [TestNG-tests-2] INFO  testCases.TC001_AccountRegistrationTest.verify_account_registration(TC001_AccountRegistrationTest.java:21)oggger - Clicked on MyAccount Link
01:30:44.016 [TestNG-tests-2] INFO  testCases.TC001_AccountRegistrationTest.verify_account_registration(TC001_AccountRegistrationTest.java:24)oggger - Clicked on Register Link
01:30:44.017 [TestNG-tests-2] INFO  testCases.TC001_AccountRegistrationTest.verify_account_registration(TC001_AccountRegistrationTest.java:28)oggger - Providing Customer details....
01:30:46.255 [TestNG-tests-1] INFO  testCases.TC001_AccountRegistrationTest.verify_account_registration(TC001_AccountRegistrationTest.java:39)oggger - Validating expected message..
01:30:46.393 [TestNG-tests-1] INFO  testCases.TC001_AccountRegistrationTest.verify_account_registration(TC001_AccountRegistrationTest.java:59)oggger - ******* Finished TC001_AccountRegistrationTest *******
01:32:09.409 [main] DEBUG org.testng.log4testng.Logger.debug(Logger.java:82)oggger - suiteXmlPath: "C:\Users\anike\Eclipse_Workspace\SeleniumWebDriver\OpencartV121\crossbrowsertesting.xml"
01:32:10.148 [main] INFO  org.testng.log4testng.Logger.info(Logger.java:112)oggger - [TestNG] Running:
  C:\Users\anike\Eclipse_Workspace\SeleniumWebDriver\OpencartV121\crossbrowsertesting.xml

01:32:10.329 [TestNG-tests-3] INFO  testCases.TC001_AccountRegistrationTest.verify_account_registration(TC001_AccountRegistrationTest.java:15)oggger - ******* Starting TC001_AccountRegistrationTest *******
01:32:15.824 [TestNG-tests-1] INFO  testCases.TC001_AccountRegistrationTest.verify_account_registration(TC001_AccountRegistrationTest.java:15)oggger - ******* Starting TC001_AccountRegistrationTest *******
01:32:18.449 [TestNG-tests-1] INFO  testCases.TC001_AccountRegistrationTest.verify_account_registration(TC001_AccountRegistrationTest.java:21)oggger - Clicked on MyAccount Link
01:32:20.006 [TestNG-tests-2] INFO  testCases.TC001_AccountRegistrationTest.verify_account_registration(TC001_AccountRegistrationTest.java:15)oggger - ******* Starting TC001_AccountRegistrationTest *******
01:32:20.382 [TestNG-tests-1] INFO  testCases.TC001_AccountRegistrationTest.verify_account_registration(TC001_AccountRegistrationTest.java:24)oggger - Clicked on Register Link
01:32:20.403 [TestNG-tests-1] INFO  testCases.TC001_AccountRegistrationTest.verify_account_registration(TC001_AccountRegistrationTest.java:28)oggger - Providing Customer details....
